<?xml version="1.0" encoding="UTF-8"?>
<!-- Generated by org.testng.reporters.JUnitReportReporter -->
<testsuite hostname="NaveenTeja" failures="0" tests="4" name="testRunner.RunnerClass" time="4.355" errors="0" timestamp="2025-10-03T12:48:13 IST" skipped="0">
  <testcase classname="testRunner.RunnerClass" name="runScenario" time="0.155"/>
  <testcase classname="testRunner.RunnerClass" name="runScenario" time="0.015"/>
  <testcase classname="testRunner.RunnerClass" name="runScenario" time="0.018"/>
  <testcase classname="testRunner.RunnerClass" name="runScenario" time="4.167"/>
</testsuite> <!-- testRunner.RunnerClass -->
